<?xml version="1.0" encoding="UTF-8"?>
<!-- Generated by org.testng.reporters.JUnitReportReporter -->
<testsuite hostname="ass-PC" failures="0" tests="1" name="spdDgi.ActNoViol" time="122.691" errors="0" timestamp="2020-04-26T21:16:02 MSK" skipped="0">
  <testcase classname="spdDgi.ActNoViol" name="missAct" time="122.691"/>
  <system-out/>
</testsuite> <!-- spdDgi.ActNoViol -->
