<?xml version="1.0" encoding="UTF-8"?>
<!-- Generated by org.testng.reporters.JUnitReportReporter -->
<testsuite hostname="ass-PC" failures="0" tests="1" name="ubs.Pp2inspNum2" time="136.015" errors="0" timestamp="2020-04-24T17:27:22 MSK" skipped="0">
  <testcase classname="ubs.Pp2inspNum2" name="addUbs819pp3" time="136.015"/>
  <system-out/>
</testsuite> <!-- ubs.Pp2inspNum2 -->
