<?xml version="1.0" encoding="UTF-8"?>
<!-- Generated by org.testng.reporters.JUnitReportReporter -->
<testsuite hostname="ass-PC" failures="0" tests="1" name="spdDgi.ActMissAct" time="130.152" errors="0" timestamp="2020-04-26T21:16:02 MSK" skipped="0">
  <testcase classname="spdDgi.ActMissAct" name="missAct" time="130.152"/>
  <system-out/>
</testsuite> <!-- spdDgi.ActMissAct -->
