<?xml version="1.0" encoding="UTF-8"?>
<!-- Generated by org.testng.reporters.JUnitReportReporter -->
<testsuite skipped="0" hostname="ass-PC" name="GIN.ZU" tests="1" failures="0" timestamp="2020-04-07T21:21:03 MSK" time="26.263" errors="0">
  <testcase name="testZU" time="26.263" classname="GIN.ZU"/>
  <system-out/>
</testsuite> <!-- GIN.ZU -->
