<?xml version="1.0" encoding="UTF-8"?>
<!-- Generated by org.testng.reporters.JUnitReportReporter -->
<testsuite hostname="ass-PC" failures="0" tests="1" name="training.UnauthTest" time="0.021" errors="0" timestamp="2020-04-15T00:02:38 MSK" skipped="0">
  <testcase classname="training.UnauthTest" name="addUbs819pp3" time="0.021"/>
  <system-out/>
</testsuite> <!-- training.UnauthTest -->
