<?xml version="1.0" encoding="UTF-8"?>
<!-- Generated by org.testng.reporters.JUnitReportReporter -->
<testsuite hostname="ass-PC" failures="0" tests="1" name="training.TestFake" time="0.457" errors="0" timestamp="2020-04-20T23:30:35 MSK" skipped="0">
  <testcase classname="training.TestFake" name="hello" time="0.457"/>
  <system-out/>
</testsuite> <!-- training.TestFake -->
