<?xml version="1.0" encoding="UTF-8"?>
<!-- Generated by org.testng.reporters.JUnitReportReporter -->
<testsuite skipped="0" hostname="ass-PC" name="GIN.AppTest" tests="1" failures="0" timestamp="2020-04-02T15:19:09 MSK" time="0.008" errors="0">
  <testcase name="shouldAnswerWithTrue" time="0.008" classname="GIN.AppTest"/>
  <system-out/>
</testsuite> <!-- GIN.AppTest -->
