<?xml version="1.0" encoding="UTF-8"?>
<!-- Generated by org.testng.reporters.JUnitReportReporter -->
<testsuite hostname="ass-PC" failures="0" tests="1" name="ubs.UbsFlk" time="24.575" errors="0" timestamp="2020-04-13T14:48:10 MSK" skipped="0">
  <testcase classname="ubs.UbsFlk" name="rawUbsFlk" time="24.575"/>
  <system-out/>
</testsuite> <!-- ubs.UbsFlk -->
