<?xml version="1.0" encoding="UTF-8"?>
<!-- Generated by org.testng.reporters.JUnitReportReporter -->
<testsuite hostname="ass-PC" failures="0" tests="1" name="spdDgi.ActWrongRightLast" time="145.010" errors="0" timestamp="2020-04-29T09:04:06 MSK" skipped="0">
  <testcase classname="spdDgi.ActWrongRightLast" name="wrongRightLast" time="145.010"/>
  <system-out/>
</testsuite> <!-- spdDgi.ActWrongRightLast -->
