<?xml version="1.0" encoding="UTF-8"?>
<!-- Generated by org.testng.reporters.JUnitReportReporter -->
<testsuite hostname="ass-PC" failures="0" tests="1" name="spdDgi.ActWrongRight" time="203.018" errors="0" timestamp="2020-04-14T12:44:48 MSK" skipped="0">
  <testcase classname="spdDgi.ActWrongRight" name="wrongRight" time="203.018"/>
  <system-out/>
</testsuite> <!-- spdDgi.ActWrongRight -->
