<?xml version="1.0" encoding="UTF-8"?>
<!-- Generated by org.testng.reporters.JUnitReportReporter -->
<testsuite hostname="ass-PC" failures="0" tests="1" name="spdDgi.ActMissContract" time="120.850" errors="0" timestamp="2020-04-26T21:16:02 MSK" skipped="0">
  <testcase classname="spdDgi.ActMissContract" name="missAct" time="120.850"/>
  <system-out/>
</testsuite> <!-- spdDgi.ActMissContract -->
