<?xml version="1.0" encoding="UTF-8"?>
<!-- Generated by org.testng.reporters.JUnitReportReporter -->
<testsuite skipped="0" hostname="ass-PC" name="unauthBuilding.UbsBuilder" tests="1" failures="0" timestamp="2020-04-02T22:40:59 MSK" time="0.007" errors="0">
  <testcase name="xx" time="0.007" classname="unauthBuilding.UbsBuilder"/>
  <system-out/>
</testsuite> <!-- unauthBuilding.UbsBuilder -->
