<?xml version="1.0" encoding="UTF-8"?>
<!-- Generated by org.testng.reporters.JUnitReportReporter -->
<testsuite hostname="ass-PC" failures="0" tests="1" name="spdDgi.ubs234PP" time="53.423" errors="0" timestamp="2020-04-17T12:30:16 MSK" skipped="0">
  <testcase classname="spdDgi.ubs234PP" name="addUbs819pp3" time="53.423"/>
  <system-out/>
</testsuite> <!-- spdDgi.ubs234PP -->
