<?xml version="1.0" encoding="UTF-8"?>
<!-- Generated by org.testng.reporters.JUnitReportReporter -->
<testsuite hostname="ass-PC" failures="0" tests="1" name="spdDgi.Ubs819Pril2SignsConfirmed" time="164.539" errors="0" timestamp="2020-04-27T10:38:03 MSK" skipped="0">
  <testcase classname="spdDgi.Ubs819Pril2SignsConfirmed" name="pp819SignsConfirmed" time="164.539"/>
  <system-out/>
</testsuite> <!-- spdDgi.Ubs819Pril2SignsConfirmed -->
