<?xml version="1.0" encoding="UTF-8"?>
<!-- Generated by org.testng.reporters.JUnitReportReporter -->
<testsuite hostname="ass-PC" failures="0" tests="1" name="spdDgi.ActWrongRightFirst" time="143.684" errors="0" timestamp="2020-04-29T08:55:29 MSK" skipped="0">
  <testcase classname="spdDgi.ActWrongRightFirst" name="wrongRightFirst" time="143.684"/>
  <system-out/>
</testsuite> <!-- spdDgi.ActWrongRightFirst -->
